shared/build/intermediates/manifest_merge_blame_file/debug/manifest-merger-blame-debug-report.txt
1<?xml version="1.0" encoding="utf-8"?>
2<manifest xmlns:android="http://schemas.android.com/apk/res/android"
3    package="com.tima.streaming.shared"
4    android:versionCode="1"
5    android:versionName="1.0" >
6
7    <uses-sdk
8        android:minSdkVersion="28"
8-->src\main\AndroidManifest.xml
9        android:targetSdkVersion="28" />
9-->src\main\AndroidManifest.xml
10
11    <uses-permission android:name="android.permission.FOREGROUND_SERVICE" />
11-->src\main\AndroidManifest.xml:3:5-77
11-->src\main\AndroidManifest.xml:3:22-74
12    <uses-permission android:name="android.permission.INTERNET" />
12-->src\main\AndroidManifest.xml:4:5-67
12-->src\main\AndroidManifest.xml:4:22-64
13
14    <application>
14-->src\main\AndroidManifest.xml:6:5-20:19
15        <meta-data
15-->src\main\AndroidManifest.xml:8:9-10:59
16            android:name="com.google.android.gms.car.application"
16-->src\main\AndroidManifest.xml:9:13-66
17            android:resource="@xml/automotive_app_desc" />
17-->src\main\AndroidManifest.xml:10:13-56
18
19        <receiver android:name="androidx.media.session.MediaButtonReceiver" >
19-->src\main\AndroidManifest.xml:15:9-19:20
19-->src\main\AndroidManifest.xml:15:19-76
20            <intent-filter>
20-->src\main\AndroidManifest.xml:16:13-18:29
21                <action android:name="android.intent.action.MEDIA_BUTTON" />
21-->src\main\AndroidManifest.xml:17:17-77
21-->src\main\AndroidManifest.xml:17:25-74
22            </intent-filter>
23        </receiver>
24    </application>
25
26</manifest>